<?xml version="1.0" encoding="UTF-8"?>
<testsuite name="test.pivotal.pal.trackerapi.WelcomeApiTest" tests="1" skipped="0" failures="0" errors="0" timestamp="2020-01-28T18:34:51" hostname="LTUS116158" time="0.01">
  <properties/>
  <testcase name="exampleTest" classname="test.pivotal.pal.trackerapi.WelcomeApiTest" time="0.01"/>
  <system-out><![CDATA[2020-01-28 13:34:51.766  INFO 12688 --- [    Test worker] .b.t.c.SpringBootTestContextBootstrapper : Neither @ContextConfiguration nor @ContextHierarchy found for test class [test.pivotal.pal.trackerapi.WelcomeApiTest], using SpringBootContextLoader
2020-01-28 13:34:51.766  INFO 12688 --- [    Test worker] o.s.t.c.support.AbstractContextLoader    : Could not detect default resource locations for test class [test.pivotal.pal.trackerapi.WelcomeApiTest]: no resource found for suffixes {-context.xml, Context.groovy}.
2020-01-28 13:34:51.782  INFO 12688 --- [    Test worker] .b.t.c.SpringBootTestContextBootstrapper : Loaded default TestExecutionListener class names from location [META-INF/spring.factories]: [org.springframework.boot.test.autoconfigure.restdocs.RestDocsTestExecutionListener, org.springframework.boot.test.autoconfigure.web.client.MockRestServiceServerResetTestExecutionListener, org.springframework.boot.test.autoconfigure.web.servlet.MockMvcPrintOnlyOnFailureTestExecutionListener, org.springframework.boot.test.autoconfigure.web.servlet.WebDriverTestExecutionListener, org.springframework.boot.test.mock.mockito.MockitoTestExecutionListener, org.springframework.boot.test.mock.mockito.ResetMocksTestExecutionListener, org.springframework.test.context.web.ServletTestExecutionListener, org.springframework.test.context.support.DirtiesContextBeforeModesTestExecutionListener, org.springframework.test.context.support.DependencyInjectionTestExecutionListener, org.springframework.test.context.support.DirtiesContextTestExecutionListener, org.springframework.test.context.transaction.TransactionalTestExecutionListener, org.springframework.test.context.jdbc.SqlScriptsTestExecutionListener]
2020-01-28 13:34:51.783  INFO 12688 --- [    Test worker] .b.t.c.SpringBootTestContextBootstrapper : Using TestExecutionListeners: [org.springframework.test.context.web.ServletTestExecutionListener@3c23c8d9, org.springframework.test.context.support.DirtiesContextBeforeModesTestExecutionListener@32428935, org.springframework.boot.test.mock.mockito.MockitoTestExecutionListener@65e29809, org.springframework.boot.test.autoconfigure.SpringBootDependencyInjectionTestExecutionListener@40968401, org.springframework.test.context.support.DirtiesContextTestExecutionListener@6251e9ca, org.springframework.boot.test.autoconfigure.restdocs.RestDocsTestExecutionListener@44fcdf94, org.springframework.boot.test.autoconfigure.web.client.MockRestServiceServerResetTestExecutionListener@352f25d2, org.springframework.boot.test.autoconfigure.web.servlet.MockMvcPrintOnlyOnFailureTestExecutionListener@416d09fa, org.springframework.boot.test.autoconfigure.web.servlet.WebDriverTestExecutionListener@2c1fa7a4, org.springframework.boot.test.mock.mockito.ResetMocksTestExecutionListener@ebdddcc]
]]></system-out>
  <system-err><![CDATA[]]></system-err>
</testsuite>
